Sun RSA public key, 1024 bits
  modulus: 118738796769252980829107750129048417040893945445924844632437442957181047007688692320890210555762308783367391843137720706078599257735367448997977555975490435899051144362458002519959519199885833677801962947777698918576067908720244502701735719579380574657921614258792093985888514905708009760212402837518023369773
  public exponent: 65537


Sun RSA public key, 1024 bits
  modulus: 118738796769252980829107750129048417040893945445924844632437442957181047007688692320890210555762308783367391843137720706078599257735367448997977555975490435899051144362458002519959519199885833677801962947777698918576067908720244502701735719579380574657921614258792093985888514905708009760212402837518023369773
  public exponent: 65537

Sun RSA public key, 1024 bits
  modulus: 118738796769252980829107750129048417040893945445924844632437442957181047007688692320890210555762308783367391843137720706078599257735367448997977555975490435899051144362458002519959519199885833677801962947777698918576067908720244502701735719579380574657921614258792093985888514905708009760212402837518023369773
  public exponent: 65538

Sun RSA public key, 1024 bits
  modulus: 118738796769252980829107750129048417040893945445924844632437442957181047007688692320890210555762308783367391843137720706078599257735367448997977555975490435899051144362458002519959519199885833677801962947777698918576067908720244502701735719579380574657921614258792093985888514905708009760212402837518023369773
  public exponent: 65793

Sun RSA public key, 1024 bits
  modulus: 128896770777563817748798839667028914959698965241356936681682546572593193555215117872069660595124049477994117143400586721329157542185842915339978551191989463709772586912915746206031365833940199345903858225498419436554867527332778544361921210488728976536340361977930548709764974950305367798821804667445927271781
  public exponent: 65537

128896770777563817748798839667028914959698965241356936681682546572593193555215117872069660595124049477994117143400586721329157542185842915339978551191989463709772586912915746206031365833940199345903858225498419436554867527332778544361921210488728976536340361977930548709764974950305367798821804667445927271781

var pem = [
'-----BEGIN PUBLIC KEY-----',
'MIGJAoGBAKkW8+m3sJxgEUyTry3hqQzghcdwfMgh1kPHCZ9hzNN4qgXqVD2+lwCl',
'AppMYy5xWDuagT8ijEp9zAPa/Sdgcgiaol///4TEJzW668axX5XyKd65nG2nej/i',
'Q/3EL3wV/BBFTJqSL8egcYBl5zAyAL6jvceE7OvNzOGaeMauy6QtAgMBAAE=',
'-----END PUBLIC KEY-----',
''
].join('\n');

var pem = [
'-----BEGIN PUBLIC KEY-----',
'MIIBIjANBgkqhkiG9w0BAQEFAAOCAQ8AMIIBCgKCAQEArgov0KHVYlOtS15/WIO0',
'Hpz9NIuWQiH/9VuCqjEnsMJdZR20NsxiNCjMTjOXtl8jCGFAp8fyb5peT7Qlp4xZ',
'ky6odeyFEc6Z9QInyRSVBozlRoYShefQ6JSPFaF9k+FYFN/xz0LYHZwZCW+r78dQ',
'V9ZGKBQT61El8NiriiqKq1SBZiEI7jT18J0i6H1qFVAkkZcyz3v85/yudPUC1wBF',
'wzfk9yJ9O8bpNlGonxlDoQKXxHS8yV15dTqAAoeVysBqQk1/NiDQuEJMbrq3cfDl',
'l0scsnVec0dwIUNY9UasxrbPpwk00ce54uWjwYl/sQ+AOvKZhJXbJFEfKyFi8f2E',
'dQIDAQAB',
'-----END PUBLIC KEY-----',
].join('\n')


+Yii::import("ext.bcs.BaiduCloudStorage");


// Cache Miss
EClientScript:renderHead      0.16299
EClientScript:renderBodyEnd   0.00000
EClientScript:renderBodyBegin 0.00000

// Hit Disk Cache
EClientScript:renderHead      0.00100
EClientScript:renderBodyEnd   0.00000
EClientScript:renderBodyBegin 0.00000

// Hit ZCache
EClientScript:renderHead      

0.01021
EClientScript:renderBodyEnd   0.00002
EClientScript:renderBodyBegin 0.00002

script-0-91669e8a.js  style-3f26e1aa.css

var a = [
'-----BEGIN PUBLIC KEY-----',
'MIGfMA0GCSqGSIb3DQEBAQUAA4GNADCBiQKBgQCTax1kRYFi6oM0piwathvPXsYI',
'vyZNTVoWxQfYB3PTCzkZj9wTgiUvZKJ80//g5NYXWX9NCRoGXriRqFyvT19wiCkC',
'kUER6YuXtb5jgq5hzeVTDsRjuHfs5yQxGzRzg2UeB87EnaUPUhjEse62iSXnRCG6',
'9CD+g4J1oIgO0dZlHQIDAQAB',
'-----END PUBLIC KEY-----'
].join('\n');


128896770777563817748798839667028914959698965241356936681682546572593193555215117872069660595124049477994117143400586721329157542185842915339978551191989463709772586912915746206031365833940199345903858225498419436554867527332778544361921210488728976536340361977930548709764974950305367798821804667445927271781

128896770777563817748798839667028914959698965241356936681682546572593193555215117872069660595124049477994117143400586721329157542185842915339978551191989463709772586912915746206031365833940199345903858225498419436554867527332778544361921210488728976536340361977930548709764974950305367798821804667445927271781

128896770777563817748798839667028914959698965241356936681682546572593193555215117872069660595124049477994117143400586721329157542185842915339978551191989463709772586912915746206031365833940199345903858225498419436554867527332778544361921210488728976536340361977930548709764974950305367798821804667445927271781

MIGJAoGBAKXJdbMZUrNBIpGa0ZNKDBk8XHtrK7XjJLuVUrqqgUGOggYZRgET/doFbluQm3lt0VgyUS7TRJ+AstcQSrE+Xrz7TOtzDonvrT7SHpnbkco6AqcRs4PuxD5zejlQAeY6bUrWrL/UJ0m9wRKwgZEZhW9dYQf0zzcvgj1XOBqFy0wVAgMBAAE=
MIGJAoGBAOTyGWcbSZQ7+MWtu2E6UrLwtgdgYLVvdQfNO1tMb0rRLUO/Mm2jYDQvYOEIClOzJvZWSzuTu7uY++b0Q88KqfAAzHOGFgLdLaTQpQX0mghcan63IuPTCyoGrVVGhCHjMTLuukOqOAFzhrqqbPCC6IgFbNXByiFoCpgysLZ3gETzAgMBAAE=
MIGJAoGBAMWZjwpCHbfrz2qOIq/EFv3DJ0PG2TmOkoqeTlEh3pcr3nvT7ZSTV8HYCU8vg1O74abYB/boFI1WWe72v+dNQpzhdLPXcKjv7Vd7V3T/kQ+Vdj5jMiIgkI4GL9jEVViON/VJ0xEKQGAyNiHk3jjRgub7eR8AQGtGtXs/OoZrxtFFAgMBAAE=
MIGJAoGBAKn7gNQNMQrf77SZOX24txrQSRTYzpt+6Zp3AmqRV8QS3fHcJebJwKLm5sd06MF/tZ2gSq2VwxNVn81sx044gXDXGZVBWXoMi4lohklYJLFuxIdCpECW90gmrInS1FSsPpSN6kIfKlhgvwb4ZDtXNkIKDOb9ZPaPVKWTC92x3bJLAgMBAAE=



00B78E1AABC1BC40B44DAD99626F7DF055F13CA64D87F92B0E3158547EA24FAA0ECC98133E8FEBBD30BD46E52C826A608B976D422FF56625E3A7B165E2AB04931E1F54BDD6F432BE8E09DA9B6BF0E46B6BA440AB423574DB6524251BB80166A3584F751FF6F857D594EC5235E53FA3F90E639B17805924D02915B9C68ADE44DD65


00 B7  8E 1A AB C1 BC 40 B4 4D
AD 99 62 6F 7D F0 55 F1  3C A6 4D 87 F9 2B 0E 31
58 54 7E A2 4F AA 0E CC  98 13 3E 8F EB BD 30 BD
46 E5 2C 82 6A 60 8B 97  6D 42 2F F5 66 25 E3 A7
B1 65 E2 AB 04 93 1E 1F  54 BD D6 F4 32 BE 8E 09
DA 9B 6B F0 E4 6B 6B A4  40 AB 42 35 74 DB 65 24
25 1B B8 01 66 A3 58 4F  75 1F F6 F8 57 D5 94 EC
52 35 E5 3F A3 F9 0E 63  9B 17 80 59 24 D0 29 15
B9 C6 8A DE 44 DD 65


MIGJAoGBALeOGqvBvEC0Ta2ZYm998FXxPKZNh/krDjFYVH6iT6oOzJgTPo/rvTC9RuUsgmpgi5dtQi/1ZiXjp7Fl4qsEkx4fVL3W9DK+jgnam2vw5GtrpECrQjV022UkJRu4AWajWE91H/b4V9WU7FI15T+j+Q5jmxeAWSTQKRW5xoreRN1lAgMBAAE=
30 81 89 02 81 81 00 B7  8E 1A AB C1 BC 40 B4 4D
AD 99 62 6F 7D F0 55 F1  3C A6 4D 87 F9 2B 0E 31
58 54 7E A2 4F AA 0E CC  98 13 3E 8F EB BD 30 BD
46 E5 2C 82 6A 60 8B 97  6D 42 2F F5 66 25 E3 A7
B1 65 E2 AB 04 93 1E 1F  54 BD D6 F4 32 BE 8E 09
DA 9B 6B F0 E4 6B 6B A4  40 AB 42 35 74 DB 65 24
25 1B B8 01 66 A3 58 4F  75 1F F6 F8 57 D5 94 EC
52 35 E5 3F A3 F9 0E 63  9B 17 80 59 24 D0 29 15
B9 C6 8A DE 44 DD 65 02  03 01 00 01 

30 81 9F 30 0D 06 09 2A  86 48 86 F7 0D 01 01 01
05 00 03 81 8D 00 30 81  89 02 81 81 00 B7 8E 1A
AB C1 BC 40 B4 4D AD 99  62 6F 7D F0 55 F1 3C A6
4D 87 F9 2B 0E 31 58 54  7E A2 4F AA 0E CC 98 13
3E 8F EB BD 30 BD 46 E5  2C 82 6A 60 8B 97 6D 42
2F F5 66 25 E3 A7 B1 65  E2 AB 04 93 1E 1F 54 BD
D6 F4 32 BE 8E 09 DA 9B  6B F0 E4 6B 6B A4 40 AB
42 35 74 DB 65 24 25 1B  B8 01 66 A3 58 4F 75 1F
F6 F8 57 D5 94 EC 52 35  E5 3F A3 F9 0E 63 9B 17
80 59 24 D0 29 15 B9 C6  8A DE 44 DD 65 02 03 01
00 01 

All of the public key prefix should be this bytes
30 81 9F 30 0D 06 09 2A  86 48 86 F7 0D 01 01 01
05 00 03 81 8D 00
30 81 9F 30 0D 06 09 2A  86 48 86 F7 0D 01 01 01
05 00 03 81 8D 00
30 81 9F 30 0D 06 09 2A  86 48 86 F7 0D 01 01 01
05 00 03 81 8D 00
30 81 9F 30 0D 06 09 2A  86 48 86 F7 0D 01 01 01
05 00 03 81 8D 00


[48,129,137,2,129,129,0,183,142,26,171,193,188,64,180,77,173,153,98,111,125,240,85,241,60,166,77,135,249,43,14,49,88,84,126,162,79,170,14,204,152,19,62,143,235,189,48,189,70,229,44,130,106,96,139,151,109,66,47,245,102,37,227,167,177,101,226,171,4,147,30,31,84,189,214,244,50,190,142,9,218,155,107,240,228,107,107,164,64,171,66,53,116,219,101,36,37,27,184,1,102,163,88,79,117,31,246,248,87,213,148,236,82,53,229,63,163,249,14,99,155,23,128,89,36,208,41,21,185,198,138,222,68,221,101,2,3,1,0,1];

[30 81 9F 30 0D 06 09 2A  86 48 86 F7 0D 01 01 01
05 00 03 81 8D 00]

[0x30,0x81,0x9F,0x30,0x0D,0x06,0x09,0x2A,0x86,0x48,0x86,0xF7,0x0D,0x01,0x01,0x01,
0x05,0x00,0x03,0x81,0x8D,0x00,48,-127,-119,2,-127,-127,0,-73,-114,26,-85,-63,-68,64,-76,77,-83,-103,98,111,125,-16,85,-15,60,-90,77,-121,-7,43,14,49,88,84,126,-94,79,-86,14,-52,-104,19,62,-113,-21,-67,48,-67,70,-27,44,-126,106,96,-117,-105,109,66,47,-11,102,37,-29,-89,-79,101,-30,-85,4,-109,30,31,84,-67,-42,-12,50,-66,-114,9,-38,-101,107,-16,-28,107,107,-92,64,-85,66,53,116,-37,101,36,37,27,-72,1,102,-93,88,79,117,31,-10,-8,87,-43,-108,-20,82,53,-27,63,-93,-7,14,99,-101,23,-128,89,36,-48,41,21,-71,-58,-118,-34,68,-35,101,2,3,1,0,1]
MIGfMA0GCSqGSIb3DQEBAQUAA4GNADCBiQKBgQC3jhqrwbxAtE2tmWJvffBV8TymTYf5Kw4xWFR+ok+qDsyYEz6P670wvUblLIJqYIuXbUIv9WYl46exZeKrBJMeH1S91vQyvo4J2ptr8ORra6RAq0I1dNtlJCUbuAFmo1hPdR/2+FfVlOxSNeU/o/kOY5sXgFkk0CkVucaK3kTdZQIDAQAB

MIGfMA0GCSqGSIb3DQEBAQUAA4GNADCBiQKBgQC3jhqrwbxAtE2tmWJvffBV8TymTYf5Kw4xWFR+ok+qDsyYEz6P670wvUblLIJqYIuXbUIv9WYl46exZeKrBJMeH1S91vQyvo4J2ptr8ORra6RAq0I1dNtlJCUbuAFmo1hPdR/2+FfVlOxSNeU/o/kOY5sXgFkk0CkVucaK3kTdZQIDAQAB

['30',129,137,'02',129,129,0,183,142,26,171,193,188,64,180,77,173,153,98,111,125,240,85,241,60,166,77,135,249,43,14,49,88,84,126,162,79,170,14,204,152,19,62,143,235,189,48,189,70,229,44,130,106,96,139,151,109,66,47,245,102,37,227,167,177,101,226,171,4,147,30,31,84,189,214,244,50,190,142,9,218,155,107,240,228,107,107,164,64,171,66,53,116,219,101,36,37,27,184,1,102,163,88,79,117,31,246,248,87,213,148,236,82,53,229,63,163,249,14,99,155,23,128,89,36,208,41,21,185,198,138,222,68,221,101,'02',3,1,0,1]




[为什么做]
因为几年前做日文项目的时候, 申请了sdc.baidu.com这个域名, 但是不知道为啥放到了NS下面, 现在需要更改这个域名指向的IP, SDCOP无法操作.

[做什么]
 将域名的归属放到SDCOP下面.

[期望完成时间]
 周三.


02818100B78E1AABC1BC40B44DAD99626F7DF055F13CA64D87F92B0E3158547EA24FAA0ECC98133E8FEBBD30BD46E52C826A608B976D422FF56625E3A7B165E2AB04931E1F54BDD6F432BE8E09DA9B6BF0E46B6BA440AB423574DB6524251BB80166A3584F751FF6F857D594EC5235E53FA3F90E639B17805924D02915B9C68ADE44DD65


30818902818100D0537BE1586994C4295288A77AF66F1428629E73E20C18604B431B36AF95A613E4066B54DC9210724345263D89B2AD9F7CAFA6F2E95D8480D020D42287FEE31117B357892E10EC2544C0DD6A6130B82108ACCB1D8F5F2664A2BCC7034F0DBDE87C6CBDC11D1E62E88BC9D8D96EFEA2699E99841F56E82FCD0BA1DB4ED9E5E3150203010001




"security 1.0 R 1\nmethod:verify\nuid2:0\nuid:0\nlid:leeight\ntype:1\n\r\n"
"security 1.0 R 1\nmethod:verify\nuid:0\nlid:leeight\nuid2:0\ntype:1\n\r\n"

8b2771190de2085680b9c52f33ea117077f935ac
5fba197c872b5971f296f32bc412018b79ff06e2

messageByte(65)
[115, 101, 99, 117, 114, 105, 116, 121, 32, 49, 46, 48, 32, 82, 32, 49, 10, 109, 101, 116, 104, 111, 100, 58, 118, 101, 114, 105, 102, 121, 10, 117, 105, 100, 58, 48, 10, 108, 105, 100, 58, 108, 101, 101, 105, 103, 104, 116, 10, 117, 105, 100, 50, 58, 48, 10, 116, 121, 112, 101, 58, 49, 10, 13, 10]
'security 1.0 R 1\nmethod:verify\nuid:0\nlid:leeight\nuid2:0\ntype:1\n\r\n'

zip(68)
[120, -38, 43, 78, 77, 46, 45, -54, 44, -87, 84, 48, -44, 51, 80, 8, 82, 48, -28, -54, 77, 45, -55, -56, 79, -79, 42, 75, 45, -54, 76, -85, -28, 42, -51, 76, -79, 50, -32, -54, 1, -110, 57, -87, -87, -103, -23, 25, 37, 32, 17, 35, -96, 80, 73, 101, 65, -86, -107, 33, 23, 47, 23, 0, -55, -21, 20, -102]
AES_KEY = [-101, 54, 34, -10, 74, -113, 127, 53, -44, -25, 57, 105, 38, -103, 24, -88]
aes(80)
[-27, 29, -119, -42, 85, -14, -57, 4, 82, -49, 81, 30, 79, 124, -67, -82, 12, -81, 38, 43, -117, 107, -46, 122, -10, -61, 75, 111, -48, -53, 35, -124, -60, 125, 81, 80, 19, 50, 25, -79, -61, 69, 126, -96, 33, 55, 81, -44, -51, 0, 77, -34, -64, -53, 91, -65, 5, -25, -49, -85, 35, 85, -44, -127, 107, 24, 98, 122, -4, 36, -123, -69, 126, 111, -78, 60, -65, -9, -109, 99]
[-27, 29, -119, -42, 85, -14, -57, 4, 82, -49, 81, 30, 79, 124, -67, -82, 12, -81, 38, 43, -117, 107, -46, 122, -10, -61, 75, 111, -48, -53, 35, -124, -60, 125, 81, 80, 19, 50, 25, -79, -61, 69, 126, -96, 33, 55, 81, -44, -51, 0, 77, -34, -64, -53, 91, -65, 5, -25, -49, -85, 35, 85, -44, -127, 107, 24, 98, 122, -4, 36, -123, -69, 126, 111, -78, 60, -65, -9, -109, 99]

sumArray
[0, 0, 1, 0, 49, 86, 77, 73, 31, 0, 0, 0, 65, 0, 0, 0, 68, 0, 0, 0, 80, 0, 0, 0, 0, 0, 0, 0, 0, 0, 0, 0, 0, 0, 0, 0, 0, 0, 0, 0, -27, 29, -119, -42, 85, -14, -57, 4, 82, -49, 81, 30, 79, 124, -67, -82, 12, -81, 38, 43, -117, 107, -46, 122, -10, -61, 75, 111, -48, -53, 35, -124, -60, 125, 81, 80, 19, 50, 25, -79, -61, 69, 126, -96, 33, 55, 81, -44, -51, 0, 77, -34, -64, -53, 91, -65, 5, -25, -49, -85, 35, 85, -44, -127, 107, 24, 98, 122, -4, 36, -123, -69, 126, 111, -78, 60, -65, -9, -109, 99]

328 response
ctFlag === CT_FLAG_CON_OK_NOZIP_DOAES
length === 288
dataOk(288)
[-17, -103, -76, 0, 58, 98, -118, 40, 75, -116, -26, -70, 10, -122, -101, 65, -80, -81, 81, -85, -3, 7, -11, -118, 28, -90, -112, -115, -18, 35, 37, -102, -28, 63, 7, -127, -2, -100, 72, 6, 36, -95, -63, 23, -72, 127, -43, -68, 4, -10, -81, -18, -80, 62, 102, -1, -33, 94, 0, -4, -59, 29, 9, 70, 116, 8, 15, 127, 103, 40, 68, 17, -119, 24, -82, 90, 61, -111, 13, 13, 10, -8, 25, 110, 58, 8, -9, 86, -121, -5, -96, -128, -111, -69, 11, 46, -1, 66, 13, -106, -10, -29, -80, 117, -125, 40, 44, 19, 109, 1, 18, -107, 103, -111, 95, -61, 126, -29, 15, 79, 86, -79, -57, 75, 59, 66, 111, -32, -84, -49, -47, 63, -59, 62, 11, 28, 63, -47, -94, 75, -4, 58, 51, 26, 92, 34, 61, -102, -85, 4, -86, -92, 58, -73, -11, 104, -76, 64, 61, -56, -45, 25, -126, 85, -109, 25, -38, -114, -114, -6, -22, -51, 2, 22, 98, -66, -10, 2, -69, -102, 106, 18, -96, 63, -100, 119, 26, 106, 57, 84, 53, 47, 5, -33, -125, -127, 73, 51, 51, 86, 125, -117, 80, 49, -99, 69, -111, 80, 21, -65, 34, -41, 77, 10, 76, -4, 119, 95, 67, 99, 53, 62, 62, -101, -90, 7, 71, -78, -93, 25, 37, -2, 127, -22, 126, 18, 117, 103, 92, -23, 77, 104, 101, -82, 78, -65, 57, -98, 2, 31, 46, -127, 73, -80, -98, -118, -109, -99, 110, 63, 11, 45, 124, 23, 44, -101, 42, -52, -49, 107, 103, -64, -98, 73, 52, -2, -80, -57, -49, 49, -33, -44, 120, 10, -121, -111, 78, -16]
after decrypt
[115, 101, 99, 117, 114, 105, 116, 121, 32, 49, 46, 48, 32, 65, 32, 49, 13, 10, 99, 111, 100, 101, 58, 50, 48, 48, 13, 10, 99, 111, 110, 116, 101, 110, 116, 45, 108, 101, 110, 103, 116, 104, 58, 50, 48, 52, 13, 10, 99, 111, 110, 116, 101, 110, 116, 45, 116, 121, 112, 101, 58, 116, 101, 120, 116, 13, 10, 109, 101, 116, 104, 111, 100, 58, 118, 101, 114, 105, 102, 121, 13, 10, 13, 10, 60, 118, 101, 114, 105, 102, 121, 32, 118, 95, 117, 114, 108, 61, 34, 53, 54, 55, 68, 49, 48, 68, 52, 50, 50, 51, 54, 66, 54, 66, 53, 65, 48, 51, 69, 51, 67, 48, 56, 49, 53, 56, 66, 70, 68, 51, 66, 51, 70, 66, 65, 52, 48, 48, 65, 65, 48, 51, 67, 53, 55, 49, 67, 49, 51, 49, 50, 57, 51, 55, 65, 51, 49, 69, 67, 56, 65, 57, 49, 48, 67, 48, 50, 49, 56, 53, 67, 69, 51, 49, 66, 51, 65, 54, 51, 69, 68, 68, 48, 51, 48, 56, 49, 49, 67, 48, 48, 49, 52, 57, 55, 50, 66, 66, 50, 52, 65, 69, 67, 70, 69, 34, 32, 118, 95, 116, 105, 109, 101, 61, 34, 49, 51, 53, 54, 54, 50, 49, 53, 51, 49, 34, 32, 118, 95, 112, 101, 114, 105, 111, 100, 61, 34, 99, 48, 49, 57, 97, 51, 49, 48, 50, 101, 97, 54, 49, 55, 51, 98, 52, 54, 56, 98, 51, 49, 49, 56, 55, 55, 52, 51, 51, 102, 55, 51, 34, 32, 118, 95, 99, 111, 100, 101, 61, 34, 50, 50, 87, 69, 34, 32, 47, 62, 10]

'security 1.0 A 1\r\ncode:200\r\ncontent-length:204\r\ncontent-type:text\r\nmethod:verify\r\n\r\n<verify v_url="567D10D42236B6B5A03E3C08158BFD3B3FBA400AA03C571C1312937A31EC8A910C02185CE31B3A63EDD030811C0014972BB24AECFE" v_time="1356621531" v_period="c019a3102ea6173b468b311877433f73" v_code="22WE" />\n'



Z5JhJ8BfNabWL1YxhRdKDGmA4iuCXXkpO1aicRBAQ1oGPkmCLG+BW9dMXAkVi0Zj2SXlN+vJCfpww+m47rQHuTnQq//zjlfuwypcAGmo/4k/MZlBc8wQRLxGzSEx+iuleYbcoGqVTsD52IjXEUeoJZ/SBbkV4IMATE9bgnK3yJaRNL9oKUrbGSkQJFwOz4r1CXQvKzRJzxL1JfwHHIrzwQLdkbDbHmxszxbuk+d1ho/cPcF00/dqt6DhgC0NXH9vzqcGRiStsQFE/ANjzi9RtIJ2qYd3bGJz5WCZ+NAb9hb98gyt05VcKq5ihjosFkK/d915SUnUNWXXtoyDRzjgRxyspRlMn/1B+OlVshELxQFuFb6dWyx8PoF3wn2Sj0H926LfIpubdba/P2PubIVzfg==

login 4.2 R 3\nmethod:login\ncontent-length:203\ncontent-type:text\nv_url:url\nv_time:time\nv_period:period\nv_code:code\npriority:8964\n\r\n<login><user account="leeight" password="c6bbd5bffc05defe745ab0d678513f5d" imversion="1,2,3,4" redirect_times="0" priority="8964" platform="android" client_type="4" new_username="new_username" /></login>
login 4.2 R 3\nmethod:login\ncontent-length:171\ncontent-type:text\nv_url:url\nv_time:time\nv_period:period\nv_code:code\npriority:8964\n\r\n<login><user account="leeight" password="c6bbd5bffc05defe745ab0d678513f5d" imversion="1,2,3,4" redirect_times="0" priority="8964" platform="android" client_type="4" new_username="new_username" /></login>

WORLD&#0;&#1;&quot;&lt;&gt;&amp;HELLO, &#20320;&#22909;, &#19990;&#30028;
WORLD&#0;&#1;&quot;&lt;&gt;HELLO, &#20320;&#22909;, &#19990;&#30028;
384+40

[2012-12-29 15:37:00.447] [DEBUG] [default] - receiving data, length = [424]
[2012-12-29 15:37:00.447] [DEBUG] [default] - <Buffer 00 00 01 00 31 56 4d 49 1f 00 00 00 77 06 00 00 78 01 00 00 80 01 00 00 00 00 00 00 00 00 00 00 00 00 00 00 00 00 00 00 42 3b bf bd 24 9c 58 88 f2 3a d1 ...>
[2012-12-29 15:37:00.449] [DEBUG] [default] - { nVer: '\u0000\u0000\u0001\u0000',
  nTag: '1VMI',
  bEncrypt: 1,
  bCompress: 1,
  bHeartBeat: 1,
  nReserved26: 26,
  nSendFlag: 0,
  nCategory: 0,
  nReserved1: 0,
  nReserved2: 0,
  ctFlag: 31,
  nSrcDataLen: 1655,
  nZipDataLen: 376,
  nDestDataLen: 384 }
[2012-12-29 15:37:00.449] [DEBUG] [default] - get message CT_FLAG_CON_OK
[2012-12-29 15:37:00.450] [ERROR] [default] - invalid CT_FLAG_CON_OK packet, decompress failed!
[2012-12-29 15:37:00.450] [DEBUG] [default] - { packetHead: 
   { nVer: '\u0000\u0000\u0001\u0000',
     nTag: '1VMI',
     bEncrypt: 1,
     bCompress: 1,
     bHeartBeat: 1,
     nReserved26: 26,
     nSendFlag: 0,
     nCategory: 0,
     nReserved1: 0,
     nReserved2: 0,
     ctFlag: 31,
     nSrcDataLen: 1655,
     nZipDataLen: 376,
     nDestDataLen: 384 },
  handshakeHead: undefined,
  handshakeBody: undefined,
  message: { data: undefined } }

/home/leeight/work/svn/app/mobile/hi/chrome-apps/src/response/base_response.js:152
  var length = bytes.length;
                    ^
TypeError: Cannot read property 'length' of undefined
    at Function.BaseResponse.createResponse (/home/leeight/work/svn/app/mobile/hi/chrome-apps/src/response/base_response.js:152:21)
    at NetManager.dispatchMessage (/home/leeight/work/svn/app/mobile/hi/chrome-apps/src/lnet.js:178:35)
    at NetManager.onData (/home/leeight/work/svn/app/mobile/hi/chrome-apps/src/lnet.js:137:12)
    at Socket.EventEmitter.emit (events.js:88:17)
    at TCP.onread (net.js:396:14)
    at process.startup.processMakeCallback.process._makeCallback (node.js:248:20)


[ 'msg 1.2 N 558',
  'addon:status=2',
  'basemsgid:3836574952',
  'content-length:153',
  'content-type:text',
  'from:16897023',
  'from_sub:0',
  'method:msg_notify',
  'msgid:29',
  'nextsubid:0',
  'subid:0',
  'sys_sess:00340100abcd010050dea5b10101d3ff000000000a1a34153e80000050de61290000000000000000000000000000000000000000',
  'time:1356768688979',
  'to:114960740',
  'type:1',
  'uid:16897023',
  'waitack:120' ]

<msg><font n=\"宋体\" s=\"10\" b=\"0\" i=\"0\" ul=\"0\" c=\"0\" cs=\"134\"/><cface md5=\"aad26cf6fd56d30d69b7b5d7ffa0df9c\" n=\"aad26cf6fd\" t=\"gif\"/><text c=\"\"/></msg>
<msg><font n=\"宋体\" s=\"10\" b=\"0\" i=\"0\" ul=\"0\" c=\"0\" cs=\"134\"/><face id=\"d30\" n=\"委屈\"/><text c=\"\"/></msg>
"<msg><font n=\"宋体\" s=\"10\" b=\"0\" i=\"0\" ul=\"0\" c=\"0\" cs=\"134\" /><url ref=\"http://www.google.com\" c=\"http://www.google.com\" linkid=\"session:url:addd461c-8eb6-40d5-a161-91466243cf6e\" t=\"2\" /></msg>"
"<msg><font n=\"宋体\" s=\"10\" b=\"0\" i=\"0\" ul=\"0\" c=\"0\" cs=\"134\"/><reply t=\"2\" c=\"http://www.google.com \" n=\"\"/><text c=\"\r\n你好\"/></msg>\u0000"

header = ["msg 1.2 N 442\r\naddon:status=5\r\nbasemsgid:3935677034\r\ncontent-length:161\r\ncontent-type:text\r\nfrom:16897023\r\nfrom_sub:0\r\nmethod:msg_notify\r\nmsgid:5\r\nnextsubid:0\r\nsubid:0\r\nsys_sess:00340100abcd010050dfe54d0101d3ff000000000a4112453e80000050dfdc410000000000000000000000000000000000000000\r\ntime:1356850508600\r\nto:114960740\r\ntype:1\r\nuid:16897023\r\nwaitack:120"]

msg 1.1 R 7\nmethod:msg_ack\ncontent-length:34\ncontent-type:text\ntype:1\nuid:9999\nfrom:89\nto:64\n\r\n<acks><ack id="11223344" /></acks>
msg 1.1 R 7\nmethod:msg_ack\ncontent-length:34\ncontent-type:text\ntype:1\nuid:9999\nfrom:64\nto:89\n\r\n<acks><ack id="11223344" /></acks>



"cm 1.0 R 564\r\nfrom:16897023\r\nmethod:blk\r\nsub_id:0\r\nsys_sess:00340100abcd010050e194bf0101d3ff000000000a1a35173e80000050e13f710000000000000000000000000000000000000000\r\nto:114960740\r\ntype:1\r\nuid:16897023\r\n"

"cm 1.0 R 565\r\nfrom:16897023\r\nmethod:blk\r\nsub_id:0\r\nsys_sess:00340100abcd010050e194eb0101d3ff000000000a1a35173e80000050e13f710000000000000000000000000000000000000000\r\nto:114960740\r\ntype:1\r\nuid:16897023\r\n"
